<?xml version="1.0" encoding="UTF-8" ?>
<testsuite failures="0" time="146.831" errors="1" skipped="0" tests="9" name="com.selenium.webdriver.driverManager.SuiteTest">
  <properties>
[...]
</properties>
  <testcase time="90.6" classname="com.selenium.webdriver.driverManager.LateDealsTest" name="latedealspageTest"/>
  <testcase time="2.235" classname="com.selenium.webdriver.driverManager.PriceGridTest" name="validatepricegridpage"/>
  <testcase time="0.012" classname="com.selenium.webdriver.driverManager.HotelTest" name="hotelpagevalidation"/>
  <testcase time="0.081" classname="com.selenium.webdriver.driverManager.OverseasTest" name="testContents"/>
  <testcase time="0.069" classname="com.selenium.webdriver.driverManager.OverseasTest" name="presenceOfImage"/>
  <testcase time="52.248" classname="com.selenium.webdriver.driverManager.AllinclusiveTest" name="com.selenium.webdriver.driverManager.AllinclusiveTest">
    <error message="Index: 0, Size: 0" type="java.lang.IndexOutOfBoundsException">java.lang.IndexOutOfBoundsException: Index: 0, Size: 0
	at java.util.ArrayList.rangeCheck(ArrayList.java:635)
	at java.util.ArrayList.get(ArrayList.java:411)
	at com.selenium.webdriver.driverManager.AllinclusiveTest.searchTest(AllinclusiveTest.java:39)
	at sun.reflect.NativeMethodAccessorImpl.invoke0(Native Method)
	at sun.reflect.NativeMethodAccessorImpl.invoke(NativeMethodAccessorImpl.java:57)
	at sun.reflect.DelegatingMethodAccessorImpl.invoke(DelegatingMethodAccessorImpl.java:43)
	at java.lang.reflect.Method.invoke(Method.java:606)
	at org.junit.runners.model.FrameworkMethod$1.runReflectiveCall(FrameworkMethod.java:45)
	at org.junit.internal.runners.model.ReflectiveCallable.run(ReflectiveCallable.java:15)
	at org.junit.runners.model.FrameworkMethod.invokeExplosively(FrameworkMethod.java:42)
	at org.junit.internal.runners.statements.RunBefores.evaluate(RunBefores.java:27)
	at org.junit.runners.ParentRunner.run(ParentRunner.java:300)
	at org.junit.runners.Suite.runChild(Suite.java:128)
	at org.junit.runners.Suite.runChild(Suite.java:24)
	at org.junit.runners.ParentRunner$3.run(ParentRunner.java:231)
	at org.junit.runners.ParentRunner$1.schedule(ParentRunner.java:60)
	at org.junit.runners.ParentRunner.runChildren(ParentRunner.java:229)
	at org.junit.runners.ParentRunner.access$000(ParentRunner.java:50)
	at org.junit.runners.ParentRunner$2.evaluate(ParentRunner.java:222)
	at org.junit.runners.ParentRunner.run(ParentRunner.java:300)
	at org.apache.maven.surefire.junit4.JUnit4Provider.execute(JUnit4Provider.java:252)
	at org.apache.maven.surefire.junit4.JUnit4Provider.executeTestSet(JUnit4Provider.java:141)
	at org.apache.maven.surefire.junit4.JUnit4Provider.invoke(JUnit4Provider.java:112)
	at sun.reflect.NativeMethodAccessorImpl.invoke0(Native Method)
	at sun.reflect.NativeMethodAccessorImpl.invoke(NativeMethodAccessorImpl.java:57)
	at sun.reflect.DelegatingMethodAccessorImpl.invoke(DelegatingMethodAccessorImpl.java:43)
	at java.lang.reflect.Method.invoke(Method.java:606)
	at org.apache.maven.surefire.util.ReflectionUtils.invokeMethodWithArray(ReflectionUtils.java:189)
	at org.apache.maven.surefire.booter.ProviderFactory$ProviderProxy.invoke(ProviderFactory.java:165)
	at org.apache.maven.surefire.booter.ProviderFactory.invokeProvider(ProviderFactory.java:85)
	at org.apache.maven.surefire.booter.ForkedBooter.runSuitesInProcess(ForkedBooter.java:115)
	at org.apache.maven.surefire.booter.ForkedBooter.main(ForkedBooter.java:75)
</error>
  </testcase>
  <testcase time="0.083" classname="com.selenium.webdriver.driverManager.CitiesTest" name="testContents"/>
  <testcase time="0.068" classname="com.selenium.webdriver.driverManager.CitiesTest" name="presenceOfImage"/>
  <testcase time="1.435" classname="com.selenium.webdriver.driverManager.SigninTest" name="testSininfunctionality"/>
</testsuite>